[debug] [2023-01-14T09:41:13.495Z] ----------------------------------------------------------------------
[debug] [2023-01-14T09:41:13.498Z] Command:       /usr/local/bin/node /usr/local/bin/firebase init
[debug] [2023-01-14T09:41:13.498Z] CLI Version:   11.20.0
[debug] [2023-01-14T09:41:13.498Z] Platform:      darwin
[debug] [2023-01-14T09:41:13.498Z] Node Version:  v19.0.1
[debug] [2023-01-14T09:41:13.498Z] Time:          Sat Jan 14 2023 15:11:13 GMT+0530 (India Standard Time)
[debug] [2023-01-14T09:41:13.499Z] ----------------------------------------------------------------------
[debug] 
[debug] [2023-01-14T09:41:13.502Z] > command requires scopes: ["email","openid","https://www.googleapis.com/auth/cloudplatformprojects.readonly","https://www.googleapis.com/auth/firebase","https://www.googleapis.com/auth/cloud-platform"]
[debug] [2023-01-14T09:41:13.503Z] > authorizing via signed-in user (mohamedshamil0507@gmail.com)
[info] 
     ######## #### ########  ######## ########     ###     ######  ########
     ##        ##  ##     ## ##       ##     ##  ##   ##  ##       ##
     ######    ##  ########  ######   ########  #########  ######  ######
     ##        ##  ##    ##  ##       ##     ## ##     ##       ## ##
     ##       #### ##     ## ######## ########  ##     ##  ######  ########

You're about to initialize a Firebase project in this directory:

  /Users/mohamedshamil/Desktop/web

[info] 
=== Project Setup
[info] 
[info] First, let's associate this project directory with a Firebase project.
[info] You can create multiple project aliases by running firebase use --add, 
[info] but for now we'll just set up a default project.
[info] 
